2026-03-26 17:27:46,093 [INFO] 🚀 Grey 工厂核心已启动，开始轮询任务...
2026-03-26 17:29:45,336 [INFO] 🚀 Grey 工厂核心已启动，开始轮询任务...
2026-03-26 17:30:45,551 [WARNING] ❓ 未知品类: Rust，任务 ID: N/A
2026-03-26 17:30:58,384 [WARNING] ❓ 未知品类: Rust，任务 ID: N/A
2026-03-26 17:31:11,290 [WARNING] ❓ 未知品类: Rust，任务 ID: N/A
2026-03-26 17:31:24,201 [WARNING] ❓ 未知品类: Rust，任务 ID: N/A
2026-03-26 17:31:37,299 [INFO] 📁 [Tshirt] 文件夹就绪: N/A
2026-03-26 17:31:37,299 [WARNING] ⚠️ [N/A] 缺少 MJ Prompt，跳过绘图
2026-03-26 17:32:04,780 [INFO] 🚀 Grey 工厂核心已启动，开始轮询任务...
2026-03-26 17:32:08,347 [INFO] 📁 [Tshirt] 文件夹就绪: N/A
2026-03-26 17:32:08,348 [WARNING] ⚠️ [N/A] 缺少 MJ Prompt，跳过绘图
2026-03-26 17:33:35,477 [INFO] ✅ 本轮批处理完成，共处理 1 个任务。
2026-03-26 17:33:50,525 [INFO] 📁 [Tshirt] 文件夹就绪: N/A
2026-03-26 17:33:50,527 [WARNING] ⚠️ [N/A] 缺少 MJ Prompt，跳过绘图
2026-03-26 17:34:43,208 [INFO] ✅ 本轮批处理完成，共处理 1 个任务。
2026-03-26 17:35:12,032 [INFO] 📁 [Tshirt] 文件夹就绪: N/A
2026-03-26 17:35:12,033 [WARNING] ⚠️ [N/A] 缺少 MJ Prompt，跳过绘图
2026-03-26 17:36:44,662 [INFO] ✅ 本轮批处理完成，共处理 1 个任务。
2026-03-26 17:37:02,609 [INFO] 📁 [Tshirt] 文件夹就绪: N/A
2026-03-26 17:37:02,623 [WARNING] ⚠️ [N/A] 缺少 MJ Prompt，跳过绘图
